<?xml version="1.0" encoding="UTF-8"?>
<!-- Generated by org.testng.reporters.JUnitXMLReporter -->
<testsuite ignored="0" hostname="LAPTOP-DM9OLIUL" failures="0" tests="8" name="Test" time="30.914" errors="0" timestamp="2022-05-20T13:19:00 IST">
  <testcase classname="actitimeheader.TestClassactitime$TestClass" name="testA" time="0.007"/>
  <testcase classname="actitimeheader.TestClassactitime$TestClass" name="testC" time="0.002"/>
  <testcase classname="actitimeheader.Verifyactitime" name="verifyTasktab" time="9.602"/>
  <testcase classname="actitimeheader.Verifyactitime" name="verifyreporttab" time="7.912"/>
  <testcase classname="actitimeheader.TesClassact2" name="testA" time="0.002"/>
  <testcase classname="actitimeheader.TesClassact2" name="testC" time="0.001"/>
  <testcase classname="actitimeheader.TestClassactitime$TestClass" name="testB" time="0.002"/>
  <testcase classname="actitimeheader.TesClassact2" name="testB" time="0.002"/>
</testsuite> <!-- Test -->
